DesaUnigui.exe: 000005C8: 16:28:30 []:>--------------------------------------------------------------<
DesaUnigui.exe: 000005C8: 16:28:30 [TUniServerModule]:Server First Init.
DesaUnigui.exe: 000005C8: 16:28:30 [TUniServerModule]:Erasing Cache Folder...
DesaUnigui.exe: 000005C8: 16:28:30 [TUniServerModule]:Cache Folder Erased. <1> Files deleted.
DesaUnigui.exe: 000005C8: 16:28:30 [TUniServerModule]:Starting HTTP Server...
DesaUnigui.exe: 000005C8: 16:28:30 [TUniServerModule]:HTTP Server Started. Port: 8077
DesaUnigui.exe: 00001104: 16:28:31 []:TUniThemeProps: File not found: C:\Program Files (x86)\FMSoft\Framework\unigui\uni-1.0.0.1397\css\uni-xtheme-access.css
DesaUnigui.exe: 00001B0C: 16:31:18 []:>--------------------------------------------------------------<
DesaUnigui.exe: 00001B0C: 16:31:18 [TUniServerModule]:Server First Init.
DesaUnigui.exe: 00001B0C: 16:31:18 [TUniServerModule]:Erasing Cache Folder...
DesaUnigui.exe: 00001B0C: 16:31:18 [TUniServerModule]:Cache Folder Erased. <4> Files deleted.
DesaUnigui.exe: 00001B0C: 16:31:18 [TUniServerModule]:Starting HTTP Server...
DesaUnigui.exe: 00001B0C: 16:31:18 [TUniServerModule]:HTTP Server Started. Port: 8077
DesaUnigui.exe: 000015A0: 16:31:18 []:TUniThemeProps: File not found: C:\Program Files (x86)\FMSoft\Framework\unigui\uni-1.0.0.1397\css\uni-xtheme-access.css
DesaUnigui.exe: 00001D54: 16:47:03 [127.0.0.1]:EUniSessionException : Invalid session or session Timeout. : Addr: $007E60C6
DesaUnigui.exe: 00001AB4: 16:47:03 [127.0.0.1]:EUniSessionException : Invalid session or session Timeout. : Addr: $007E60C6
DesaUnigui.exe: 00001CF4: 19:32:10 []:>--------------------------------------------------------------<
DesaUnigui.exe: 00001CF4: 19:32:10 [TUniServerModule]:Server First Init.
DesaUnigui.exe: 00001CF4: 19:32:10 [TUniServerModule]:Erasing Cache Folder...
DesaUnigui.exe: 00001CF4: 19:32:10 [TUniServerModule]:Cache Folder Erased. <1> Files deleted.
DesaUnigui.exe: 00001CF4: 19:32:10 [TUniServerModule]:Starting HTTP Server...
DesaUnigui.exe: 00001CF4: 19:32:10 [TUniServerModule]:HTTP Server Started. Port: 8077
DesaUnigui.exe: 000014D4: 19:32:11 []:TUniThemeProps: File not found: C:\Program Files (x86)\FMSoft\Framework\unigui\uni-1.0.0.1397\css\uni-xtheme-access.css
DesaUnigui.exe: 000012DC: 19:38:54 []:>--------------------------------------------------------------<
DesaUnigui.exe: 000012DC: 19:38:54 [TUniServerModule]:Server First Init.
DesaUnigui.exe: 000012DC: 19:38:54 [TUniServerModule]:Erasing Cache Folder...
DesaUnigui.exe: 000012DC: 19:38:54 [TUniServerModule]:Cache Folder Erased. <2> Files deleted.
DesaUnigui.exe: 000012DC: 19:38:54 [TUniServerModule]:Starting HTTP Server...
DesaUnigui.exe: 000012DC: 19:38:54 [TUniServerModule]:HTTP Server Started. Port: 8077
DesaUnigui.exe: 00001B34: 19:38:54 []:TUniThemeProps: File not found: C:\Program Files (x86)\FMSoft\Framework\unigui\uni-1.0.0.1397\css\uni-xtheme-access.css
DesaUnigui.exe: 00001098: 19:40:03 [HandleFileRequest[127.0.0.1]]:File not found: C:\WebApp\DesaUnigui\Win32\Debug\favicon.ico
DesaUnigui.exe: 00001E94: 19:41:25 [127.0.0.1]:EUniSessionException : Invalid session or session Timeout. : Addr: $007E60C6
DesaUnigui.exe: 00000BF8: 19:42:53 []:>--------------------------------------------------------------<
DesaUnigui.exe: 00000BF8: 19:42:53 [TUniServerModule]:Server First Init.
DesaUnigui.exe: 00000BF8: 19:42:53 [TUniServerModule]:Erasing Cache Folder...
DesaUnigui.exe: 00000BF8: 19:42:53 [TUniServerModule]:Cache Folder Erased. <5> Files deleted.
DesaUnigui.exe: 00000BF8: 19:42:53 [TUniServerModule]:Starting HTTP Server...
DesaUnigui.exe: 00000BF8: 19:42:54 [TUniServerModule]:HTTP Server Started. Port: 8077
DesaUnigui.exe: 00001224: 19:42:55 []:TUniThemeProps: File not found: C:\Program Files (x86)\FMSoft\Framework\unigui\uni-1.0.0.1397\css\uni-xtheme-access.css
DesaUnigui.exe: 00001EA0: 19:48:20 [127.0.0.1]:EUniSessionException : Invalid session or session Timeout. : Addr: $007E60C6
