DesaUnigui.exe: 00001EC8: 20:30:01 []:>--------------------------------------------------------------<
DesaUnigui.exe: 00001EC8: 20:30:01 [TUniServerModule]:Server First Init.
DesaUnigui.exe: 00001EC8: 20:30:01 [TUniServerModule]:Erasing Cache Folder...
DesaUnigui.exe: 00001EC8: 20:30:01 [TUniServerModule]:Cache Folder Erased. <1> Files deleted.
DesaUnigui.exe: 00001EC8: 20:30:01 [TUniServerModule]:Starting HTTP Server...
DesaUnigui.exe: 00001EC8: 20:30:01 [TUniServerModule]:HTTP Server Started. Port: 8077
DesaUnigui.exe: 00001224: 20:30:02 []:TUniThemeProps: File not found: C:\Program Files (x86)\FMSoft\Framework\unigui\uni-1.0.0.1397\css\uni-xtheme-access.css
DesaUnigui.exe: 00000260: 20:30:24 [HandleFileRequest[127.0.0.1]]:File not found: C:\WebApp\DesaUnigui\Win32\Debug\favicon.ico
DesaUnigui.exe: 00000C64: 20:34:53 []:>--------------------------------------------------------------<
DesaUnigui.exe: 00000C64: 20:34:53 [TUniServerModule]:Server First Init.
DesaUnigui.exe: 00000C64: 20:34:53 [TUniServerModule]:Erasing Cache Folder...
DesaUnigui.exe: 00000C64: 20:34:53 [TUniServerModule]:Cache Folder Erased. <1> Files deleted.
DesaUnigui.exe: 00000C64: 20:34:53 [TUniServerModule]:Starting HTTP Server...
DesaUnigui.exe: 00000C64: 20:34:53 [TUniServerModule]:HTTP Server Started. Port: 8077
DesaUnigui.exe: 00001128: 20:34:54 []:TUniThemeProps: File not found: C:\Program Files (x86)\FMSoft\Framework\unigui\uni-1.0.0.1397\css\uni-xtheme-access.css
DesaUnigui.exe: 00001970: 20:36:08 []:>--------------------------------------------------------------<
DesaUnigui.exe: 00001970: 20:36:08 [TUniServerModule]:Server First Init.
DesaUnigui.exe: 00001970: 20:36:08 [TUniServerModule]:Erasing Cache Folder...
DesaUnigui.exe: 00001970: 20:36:08 [TUniServerModule]:Cache Folder Erased. <1> Files deleted.
DesaUnigui.exe: 00001970: 20:36:08 [TUniServerModule]:Starting HTTP Server...
DesaUnigui.exe: 00001970: 20:36:08 [TUniServerModule]:HTTP Server Started. Port: 8077
DesaUnigui.exe: 000014B4: 20:36:08 []:TUniThemeProps: File not found: C:\Program Files (x86)\FMSoft\Framework\unigui\uni-1.0.0.1397\css\uni-xtheme-access.css
DesaUnigui.exe: 00001190: 20:45:35 []:>--------------------------------------------------------------<
DesaUnigui.exe: 00001190: 20:45:35 [TUniServerModule]:Server First Init.
DesaUnigui.exe: 00001190: 20:45:35 [TUniServerModule]:Erasing Cache Folder...
DesaUnigui.exe: 00001190: 20:45:35 [TUniServerModule]:Cache Folder Erased. <1> Files deleted.
DesaUnigui.exe: 00001190: 20:45:35 [TUniServerModule]:Starting HTTP Server...
DesaUnigui.exe: 00001190: 20:45:35 [TUniServerModule]:HTTP Server Started. Port: 8077
DesaUnigui.exe: 000014B0: 20:45:35 []:TUniThemeProps: File not found: C:\Program Files (x86)\FMSoft\Framework\unigui\uni-1.0.0.1397\css\uni-xtheme-access.css
DesaUnigui.exe: 000014B0: 20:45:52 [Command text was not set for the command object.-127.0.0.1]:EUniError : Command text was not set for the command object. : Addr: $008E6B88
DesaUnigui.exe: 00001190: 20:46:06 [TUniServerModule]:Shutting Down Server.
DesaUnigui.exe: 000014B0: 20:46:06 [Indy]:EIdNotConnected : Not Connected : Addr: $0070807A
DesaUnigui.exe: 0000149C: 20:46:06 [Indy]:EIdNotConnected : Not Connected : Addr: $0070807A
DesaUnigui.exe: 00001190: 20:46:07 [TUniServerModule]:HTTP Server Stopped.
DesaUnigui.exe: 00001190: 20:46:07 [TUniGUISessionManager]:Terminating Session manager.
DesaUnigui.exe: 00001190: 20:46:07 [TUniGUISessionManager]:Stopping Cache Eraser...
DesaUnigui.exe: 00001190: 20:46:07 [TUniGUISessionManager]:Cache Eraser Stopped.
DesaUnigui.exe: 00001190: 20:46:07 [TUniGUISessionManager]:Destroying Worker Threads.
DesaUnigui.exe: 00001190: 20:46:07 [TUniGUISessionManager]:Session manager terminated.
DesaUnigui.exe: 00001190: 20:46:07 [TUniServerModule]:Server Shutdown Completed.
DesaUnigui.exe: 00001190: 20:46:07 []:<-------------------------------------------------------------->
DesaUnigui.exe: 00001190: 20:46:07 [Terminated]:Exit Code: 0
DesaUnigui.exe: 000018C8: 20:46:21 []:>--------------------------------------------------------------<
DesaUnigui.exe: 000018C8: 20:46:21 [TUniServerModule]:Server First Init.
DesaUnigui.exe: 000018C8: 20:46:21 [TUniServerModule]:Erasing Cache Folder...
DesaUnigui.exe: 000018C8: 20:46:21 [TUniServerModule]:Cache Folder Erased. <0> Files deleted.
DesaUnigui.exe: 000018C8: 20:46:21 [TUniServerModule]:Starting HTTP Server...
DesaUnigui.exe: 000018C8: 20:46:21 [TUniServerModule]:HTTP Server Started. Port: 8077
DesaUnigui.exe: 00000310: 20:46:21 []:TUniThemeProps: File not found: C:\Program Files (x86)\FMSoft\Framework\unigui\uni-1.0.0.1397\css\uni-xtheme-access.css
DesaUnigui.exe: 000021D8: 20:47:08 [127.0.0.1]:EUniSessionException : Invalid session or session Timeout. : Addr: $007E65B2
DesaUnigui.exe: 000021D8: 20:47:08 [HandleFileRequest[127.0.0.1]]:File not found: C:\WebApp\DesaUnigui\Win32\Debug\favicon.ico
DesaUnigui.exe: 00000524: 20:49:50 []:>--------------------------------------------------------------<
DesaUnigui.exe: 00000524: 20:49:50 [TUniServerModule]:Server First Init.
DesaUnigui.exe: 00000524: 20:49:50 [TUniServerModule]:Erasing Cache Folder...
DesaUnigui.exe: 00000524: 20:49:50 [TUniServerModule]:Cache Folder Erased. <7> Files deleted.
DesaUnigui.exe: 00000524: 20:49:50 [TUniServerModule]:Starting HTTP Server...
DesaUnigui.exe: 00000524: 20:49:50 [TUniServerModule]:HTTP Server Started. Port: 8077
DesaUnigui.exe: 00000590: 20:49:50 []:TUniThemeProps: File not found: C:\Program Files (x86)\FMSoft\Framework\unigui\uni-1.0.0.1397\css\uni-xtheme-access.css
DesaUnigui.exe: 00001288: 20:50:50 [HandleFileRequest[127.0.0.1]]:File not found: C:\WebApp\DesaUnigui\Win32\Debug\favicon.ico
DesaUnigui.exe: 00001634: 20:50:53 [127.0.0.1]:EUniSessionException : Invalid session or session Timeout. : Addr: $007E65B2
DesaUnigui.exe: 00000524: 21:00:30 [TUniServerModule]:Shutting Down Server.
DesaUnigui.exe: 00000524: 21:00:30 [TUniServerModule]:HTTP Server Stopped.
DesaUnigui.exe: 00000524: 21:00:30 [TUniGUISessionManager]:Terminating Session manager.
DesaUnigui.exe: 00000524: 21:00:30 [TUniGUISessionManager]:Stopping Cache Eraser...
DesaUnigui.exe: 00000524: 21:00:30 [TUniGUISessionManager]:Cache Eraser Stopped.
DesaUnigui.exe: 00000524: 21:00:30 [TUniGUISessionManager]:Destroying Worker Threads.
DesaUnigui.exe: 00000524: 21:00:30 [TUniGUISessionManager]:Session manager terminated.
DesaUnigui.exe: 00000524: 21:00:31 [TUniServerModule]:Server Shutdown Completed.
DesaUnigui.exe: 00000524: 21:00:31 []:<-------------------------------------------------------------->
DesaUnigui.exe: 00000524: 21:00:31 [Terminated]:Exit Code: 0
